<?xml version="1.0" encoding="UTF-8"?>
<testsuite xmlns:xsi="http://www.w3.org/2001/XMLSchema-instance" xsi:noNamespaceSchemaLocation="https://maven.apache.org/surefire/maven-surefire-plugin/xsd/surefire-test-report-3.0.xsd" version="3.0" name="com.runner.Runner" time="103.573" tests="2" errors="0" skipped="0" failures="0">
  <properties>
[...]
</properties>
  <testcase name="Login Navia" classname="Verify Mutual Fund Functionality" time="27.161">
    <system-out><![CDATA[Running in Headless Mode

Scenario: Login Navia          &amp#27;[90m# src/test/java/com/feature/Mutual_Fund.feature:3&amp#27;[0m
OTP Found: 737218
[INFO] Login successful - home page loaded.
Risk disclosure accepted
  &amp#27;[32mGiven &amp#27;[0m&amp#27;[32mUser Navigate to Navia&amp#27;[0m &amp#27;[90m# com.stepdefinition.Login_Page.user_navigate_to_navia()&amp#27;[0m
[SCREENSHOT] Saved: target\screenshots\Login_Navia_PASSED_20260505_155634_800.png
[PASSED] Login Navia
]]></system-out>
    <system-err><![CDATA[SLF4J(W): No SLF4J providers were found.
SLF4J(W): Defaulting to no-operation (NOP) logger implementation
SLF4J(W): See https://www.slf4j.org/codes.html#noProviders for further details.
May 05, 2026 3:56:07 PM org.openqa.selenium.devtools.CdpVersionFinder findNearestMatch
WARNING: Unable to find CDP implementation matching 147
May 05, 2026 3:56:07 PM org.openqa.selenium.chromium.ChromiumDriver lambda$new$5
WARNING: Unable to find version of CDP to use for 147.0.7727.103. You may need to include a dependency on a specific version of the CDP using something similar to `org.seleniumhq.selenium:selenium-devtools-v86:4.14.1` where the version ("v86") matches the version of the chromium-based browser you're using and the version number of the artifact is the same as Selenium's.
]]></system-err>
  </testcase>
  <testcase name="User Check The Mutual Fund -  UPI Payment - functionality" classname="Verify Mutual Fund Functionality" time="71.721">
    <system-out><![CDATA[
Scenario: User Check The Mutual Fund -  UPI Payment - functionality                &amp#27;[90m# src/test/java/com/feature/Mutual_Fund.feature:6&amp#27;[0m
[INFO] Page ready.
  &amp#27;[32mWhen &amp#27;[0m&amp#27;[32mNavigate to home page&amp#27;[0m                                                       &amp#27;[90m# com.stepdefinition.ScreenShort.navigate_to_home_page()&amp#27;[0m
  &amp#27;[32mAnd &amp#27;[0m&amp#27;[32mUser MouseOver Dashboard and Click Mutual Funds&amp#27;[0m                              &amp#27;[90m# com.stepdefinition.MutualFund.user_mouse_over_dashboard_and_click_mutual_funds()&amp#27;[0m
  &amp#27;[32mAnd &amp#27;[0m&amp#27;[32mUser Click Explore&amp#27;[0m                                                           &amp#27;[90m# com.stepdefinition.MutualFund.user_click_explore()&amp#27;[0m
  &amp#27;[32mAnd &amp#27;[0m&amp#27;[32mUser Search &amp#27;[0m&amp#27;[32m&amp#27;[1m"Navi Flexi Cap Fund Direct Plan Growth"&amp#27;[0m&amp#27;[32m in Serach Box and enter&amp#27;[0m &amp#27;[90m# com.stepdefinition.MutualFund.user_search_in_serach_box_and_enter(java.lang.String)&amp#27;[0m
  &amp#27;[32mAnd &amp#27;[0m&amp#27;[32mUser Click One Time , enter amount &amp#27;[0m&amp#27;[32m&amp#27;[1m"100"&amp#27;[0m&amp#27;[32m and click pay now&amp#27;[0m                   &amp#27;[90m# com.stepdefinition.MutualFund.user_click_one_time_enter_amount_and_click_pay_now(java.lang.String)&amp#27;[0m
  &amp#27;[32mAnd &amp#27;[0m&amp#27;[32mUser Click enter UPI ID &amp#27;[0m&amp#27;[32m&amp#27;[1m"6374837965@ptsbi"&amp#27;[0m&amp#27;[32m and Click Pay Via UPI&amp#27;[0m             &amp#27;[90m# com.stepdefinition.MutualFund.user_click_enter_upi_id_and_click_pay_via_upi(java.lang.String)&amp#27;[0m
[SCREENSHOT] Saved: target\screenshots\User_Check_The_Mutual_Fund_-__UPI_Payment_-_functionality_PASSED_20260505_155746_546.png
[PASSED] User Check The Mutual Fund -  UPI Payment - functionality
]]></system-out>
  </testcase>
</testsuite>